<?xml version="1.0" encoding="UTF-8"?>
<!-- Generated by org.testng.reporters.JUnitReportReporter -->
<testsuite hostname="Pravin0284" failures="0" tests="2" name="teamRCB_Test.TeamRCBValidation" time="0.086" errors="0" timestamp="2022-07-13T10:24:21 IST" skipped="0">
  <testcase classname="teamRCB_Test.TeamRCBValidation" name="validateWicketKeeper" time="0.032"/>
  <system-out/>
  <testcase classname="teamRCB_Test.TeamRCBValidation" name="validateForeignPlayers" time="0.054"/>
  <system-out/>
</testsuite> <!-- teamRCB_Test.TeamRCBValidation -->
